<?xml version="1.0" encoding="UTF-8"?>
<testsuite xmlns:xsi="http://www.w3.org/2001/XMLSchema-instance" xsi:noNamespaceSchemaLocation="https://maven.apache.org/surefire/maven-surefire-plugin/xsd/surefire-test-report.xsd" name="com.basic.myspringboot.repository.AccountRepositoryTest" time="2.068" tests="2" errors="0" skipped="2" failures="0">
  <properties>
[...]
</properties>
  <testcase name="finder" classname="com.basic.myspringboot.repository.AccountRepositoryTest" time="0">
    <skipped message="public void com.basic.myspringboot.repository.AccountRepositoryTest.finder() throws java.lang.Exception is @Disabled"/>
    <system-out><![CDATA[15:54:19.683 [main] DEBUG org.springframework.test.context.BootstrapUtils - Instantiating CacheAwareContextLoaderDelegate from class [org.springframework.test.context.cache.DefaultCacheAwareContextLoaderDelegate]
15:54:19.687 [main] DEBUG org.springframework.test.context.BootstrapUtils - Instantiating BootstrapContext using constructor [public org.springframework.test.context.support.DefaultBootstrapContext(java.lang.Class,org.springframework.test.context.CacheAwareContextLoaderDelegate)]
15:54:19.706 [main] DEBUG org.springframework.test.context.BootstrapUtils - Instantiating TestContextBootstrapper for test class [com.basic.myspringboot.repository.AccountRepositoryTest] from class [org.springframework.boot.test.context.SpringBootTestContextBootstrapper]
15:54:19.712 [main] INFO org.springframework.boot.test.context.SpringBootTestContextBootstrapper - Neither @ContextConfiguration nor @ContextHierarchy found for test class [com.basic.myspringboot.repository.AccountRepositoryTest], using SpringBootContextLoader
15:54:19.714 [main] DEBUG org.springframework.test.context.support.AbstractContextLoader - Did not detect default resource location for test class [com.basic.myspringboot.repository.AccountRepositoryTest]: class path resource [com/basic/myspringboot/repository/AccountRepositoryTest-context.xml] does not exist
15:54:19.715 [main] DEBUG org.springframework.test.context.support.AbstractContextLoader - Did not detect default resource location for test class [com.basic.myspringboot.repository.AccountRepositoryTest]: class path resource [com/basic/myspringboot/repository/AccountRepositoryTestContext.groovy] does not exist
15:54:19.715 [main] INFO org.springframework.test.context.support.AbstractContextLoader - Could not detect default resource locations for test class [com.basic.myspringboot.repository.AccountRepositoryTest]: no resource found for suffixes {-context.xml, Context.groovy}.
15:54:19.715 [main] INFO org.springframework.test.context.support.AnnotationConfigContextLoaderUtils - Could not detect default configuration classes for test class [com.basic.myspringboot.repository.AccountRepositoryTest]: AccountRepositoryTest does not declare any static, non-private, non-final, nested classes annotated with @Configuration.
15:54:19.756 [main] DEBUG org.springframework.test.context.support.ActiveProfilesUtils - Could not find an 'annotation declaring class' for annotation type [org.springframework.test.context.ActiveProfiles] and class [com.basic.myspringboot.repository.AccountRepositoryTest]
15:54:19.789 [main] DEBUG org.springframework.context.annotation.ClassPathScanningCandidateComponentProvider - Identified candidate component class: file [/Users/jonghwashin/spring_study/multi_Springboot/myspringboot-app/target/classes/com/basic/myspringboot/MyspringbootAppApplication.class]
15:54:19.789 [main] INFO org.springframework.boot.test.context.SpringBootTestContextBootstrapper - Found @SpringBootConfiguration com.basic.myspringboot.MyspringbootAppApplication for test class com.basic.myspringboot.repository.AccountRepositoryTest
15:54:19.834 [main] DEBUG org.springframework.boot.test.context.SpringBootTestContextBootstrapper - @TestExecutionListeners is not present for class [com.basic.myspringboot.repository.AccountRepositoryTest]: using defaults.
15:54:19.834 [main] INFO org.springframework.boot.test.context.SpringBootTestContextBootstrapper - Loaded default TestExecutionListener class names from location [META-INF/spring.factories]: [org.springframework.boot.test.mock.mockito.MockitoTestExecutionListener, org.springframework.boot.test.mock.mockito.ResetMocksTestExecutionListener, org.springframework.boot.test.autoconfigure.restdocs.RestDocsTestExecutionListener, org.springframework.boot.test.autoconfigure.web.client.MockRestServiceServerResetTestExecutionListener, org.springframework.boot.test.autoconfigure.web.servlet.MockMvcPrintOnlyOnFailureTestExecutionListener, org.springframework.boot.test.autoconfigure.web.servlet.WebDriverTestExecutionListener, org.springframework.boot.test.autoconfigure.webservices.client.MockWebServiceServerTestExecutionListener, org.springframework.test.context.web.ServletTestExecutionListener, org.springframework.test.context.support.DirtiesContextBeforeModesTestExecutionListener, org.springframework.test.context.event.ApplicationEventsTestExecutionListener, org.springframework.test.context.support.DependencyInjectionTestExecutionListener, org.springframework.test.context.support.DirtiesContextTestExecutionListener, org.springframework.test.context.transaction.TransactionalTestExecutionListener, org.springframework.test.context.jdbc.SqlScriptsTestExecutionListener, org.springframework.test.context.event.EventPublishingTestExecutionListener]
15:54:19.843 [main] INFO org.springframework.boot.test.context.SpringBootTestContextBootstrapper - Using TestExecutionListeners: [org.springframework.test.context.web.ServletTestExecutionListener@4c5474f5, org.springframework.test.context.support.DirtiesContextBeforeModesTestExecutionListener@2f4205be, org.springframework.test.context.event.ApplicationEventsTestExecutionListener@54e22bdd, org.springframework.boot.test.mock.mockito.MockitoTestExecutionListener@3bd418e4, org.springframework.boot.test.autoconfigure.SpringBootDependencyInjectionTestExecutionListener@544820b7, org.springframework.test.context.support.DirtiesContextTestExecutionListener@6b98a075, org.springframework.test.context.transaction.TransactionalTestExecutionListener@2e61d218, org.springframework.test.context.jdbc.SqlScriptsTestExecutionListener@3569fc08, org.springframework.test.context.event.EventPublishingTestExecutionListener@20b12f8a, org.springframework.boot.test.mock.mockito.ResetMocksTestExecutionListener@e84a8e1, org.springframework.boot.test.autoconfigure.restdocs.RestDocsTestExecutionListener@2e554a3b, org.springframework.boot.test.autoconfigure.web.client.MockRestServiceServerResetTestExecutionListener@54a67a45, org.springframework.boot.test.autoconfigure.web.servlet.MockMvcPrintOnlyOnFailureTestExecutionListener@7d42c224, org.springframework.boot.test.autoconfigure.web.servlet.WebDriverTestExecutionListener@56aaaecd, org.springframework.boot.test.autoconfigure.webservices.client.MockWebServiceServerTestExecutionListener@522a32b1]
15:54:19.845 [main] DEBUG org.springframework.test.context.support.AbstractDirtiesContextTestExecutionListener - Before test class: context [DefaultTestContext@52d239ba testClass = AccountRepositoryTest, testInstance = [null], testMethod = [null], testException = [null], mergedContextConfiguration = [WebMergedContextConfiguration@315f43d5 testClass = AccountRepositoryTest, locations = '{}', classes = '{class com.basic.myspringboot.MyspringbootAppApplication}', contextInitializerClasses = '[]', activeProfiles = '{}', propertySourceLocations = '{}', propertySourceProperties = '{org.springframework.boot.test.context.SpringBootTestContextBootstrapper=true}', contextCustomizers = set[org.springframework.boot.test.context.filter.ExcludeFilterContextCustomizer@72d6b3ba, org.springframework.boot.test.json.DuplicateJsonObjectContextCustomizerFactory$DuplicateJsonObjectContextCustomizer@163370c2, org.springframework.boot.test.mock.mockito.MockitoContextCustomizer@0, org.springframework.boot.test.web.client.TestRestTemplateContextCustomizer@19976a65, org.springframework.boot.test.autoconfigure.actuate.metrics.MetricsExportContextCustomizerFactory$DisableMetricExportContextCustomizer@56dc1551, org.springframework.boot.test.autoconfigure.properties.PropertyMappingContextCustomizer@0, org.springframework.boot.test.autoconfigure.web.servlet.WebDriverContextCustomizerFactory$Customizer@72ef8d15, org.springframework.boot.test.context.SpringBootTestArgs@1, org.springframework.boot.test.context.SpringBootTestWebEnvironment@20d28811], resourceBasePath = 'src/main/webapp', contextLoader = 'org.springframework.boot.test.context.SpringBootContextLoader', parent = [null]], attributes = map['org.springframework.test.context.web.ServletTestExecutionListener.activateListener' -> true]], class annotated with @DirtiesContext [false] with mode [null].

  .   ____          _            __ _ _
 /\\ / ___'_ __ _ _(_)_ __  __ _ \ \ \ \
( ( )\___ | '_ | '_| | '_ \/ _` | \ \ \ \
 \\/  ___)| |_)| | | | | || (_| |  ) ) ) )
  '  |____| .__|_| |_|_| |_\__, | / / / /
 =========|_|==============|___/=/_/_/_/
 :: Spring Boot ::               (v2.5.12)

2022-04-25 15:54:20.032  INFO 81582 --- [           main] c.b.m.repository.AccountRepositoryTest   : Starting AccountRepositoryTest using Java 11.0.14.1 on JONGHWAui-M1-MacBookAir.local with PID 81582 (started by jonghwashin in /Users/jonghwashin/spring_study/multi_Springboot/myspringboot-app)
2022-04-25 15:54:20.033  INFO 81582 --- [           main] c.b.m.repository.AccountRepositoryTest   : The following 1 profile is active: "test"
2022-04-25 15:54:20.344  INFO 81582 --- [           main] .s.d.r.c.RepositoryConfigurationDelegate : Bootstrapping Spring Data JPA repositories in DEFAULT mode.
2022-04-25 15:54:20.368  INFO 81582 --- [           main] .s.d.r.c.RepositoryConfigurationDelegate : Finished Spring Data repository scanning in 20 ms. Found 2 JPA repository interfaces.
2022-04-25 15:54:20.636  INFO 81582 --- [           main] o.hibernate.jpa.internal.util.LogHelper  : HHH000204: Processing PersistenceUnitInfo [name: default]
2022-04-25 15:54:20.663  INFO 81582 --- [           main] org.hibernate.Version                    : HHH000412: Hibernate ORM core version 5.4.33
2022-04-25 15:54:20.740  INFO 81582 --- [           main] o.hibernate.annotations.common.Version   : HCANN000001: Hibernate Commons Annotations {5.1.2.Final}
2022-04-25 15:54:20.792  INFO 81582 --- [           main] com.zaxxer.hikari.HikariDataSource       : HikariPool-1 - Starting...
2022-04-25 15:54:20.835  INFO 81582 --- [           main] com.zaxxer.hikari.HikariDataSource       : HikariPool-1 - Start completed.
2022-04-25 15:54:20.849  INFO 81582 --- [           main] org.hibernate.dialect.Dialect            : HHH000400: Using dialect: org.hibernate.dialect.MariaDB103Dialect
2022-04-25 15:54:21.121  INFO 81582 --- [           main] o.h.e.t.j.p.i.JtaPlatformInitiator       : HHH000490: Using JtaPlatform implementation: [org.hibernate.engine.transaction.jta.platform.internal.NoJtaPlatform]
2022-04-25 15:54:21.125  INFO 81582 --- [           main] j.LocalContainerEntityManagerFactoryBean : Initialized JPA EntityManagerFactory for persistence unit 'default'
2022-04-25 15:54:21.405  WARN 81582 --- [           main] JpaBaseConfiguration$JpaWebConfiguration : spring.jpa.open-in-view is enabled by default. Therefore, database queries may be performed during view rendering. Explicitly configure spring.jpa.open-in-view to disable this warning
2022-04-25 15:54:21.551  INFO 81582 --- [           main] o.s.b.a.w.s.WelcomePageHandlerMapping    : Adding welcome page: class path resource [static/index.html]
2022-04-25 15:54:21.616  WARN 81582 --- [           main] ion$DefaultTemplateResolverConfiguration : Cannot find template location: classpath:/templates/ (please add some templates or check your Thymeleaf configuration)
2022-04-25 15:54:21.701  INFO 81582 --- [           main] c.b.m.repository.AccountRepositoryTest   : Started AccountRepositoryTest in 1.831 seconds (JVM running for 2.319)
DataSource 구현 클래스 이름 com.zaxxer.hikari.HikariDataSource
DB URL =jdbc:mariadb://127.0.0.1:3306/boot_db?useUnicode=true&charaterEncoding=utf-8&useSSL=false&serverTimezone=UTC
DB Vendor =MariaDB
DB Username =boot
]]></system-out>
  </testcase>
  <testcase name="crud" classname="com.basic.myspringboot.repository.AccountRepositoryTest" time="0">
    <skipped message="public void com.basic.myspringboot.repository.AccountRepositoryTest.crud() throws java.lang.Exception is @Disabled"/>
  </testcase>
</testsuite>